c:\users\wilson\documents\school\cse167\pa\cse167startercode-master\glfwstarterproject\x64\release\vc141.pdb
c:\users\wilson\documents\school\cse167\pa\cse167startercode-master\glfwstarterproject\x64\release\window.obj
c:\users\wilson\documents\school\cse167\pa\cse167startercode-master\glfwstarterproject\x64\release\shader.obj
c:\users\wilson\documents\school\cse167\pa\cse167startercode-master\glfwstarterproject\x64\release\objobject.obj
c:\users\wilson\documents\school\cse167\pa\cse167startercode-master\glfwstarterproject\x64\release\main.obj
c:\users\wilson\documents\school\cse167\pa\cse167startercode-master\glfwstarterproject\x64\release\cube.obj
c:\users\wilson\documents\school\cse167\pa3\cse167startercode-master\glfwstarterproject\x64\release\vc141.pdb
c:\users\wilson\documents\school\cse167\pa3\cse167startercode-master\glfwstarterproject\x64\release\window.obj
c:\users\wilson\documents\school\cse167\pa3\cse167startercode-master\glfwstarterproject\x64\release\shader.obj
c:\users\wilson\documents\school\cse167\pa3\cse167startercode-master\glfwstarterproject\x64\release\objobject.obj
c:\users\wilson\documents\school\cse167\pa3\cse167startercode-master\glfwstarterproject\x64\release\main.obj
c:\users\wilson\documents\school\cse167\pa3\cse167startercode-master\glfwstarterproject\x64\release\cube.obj
c:\users\wilson\documents\school\cse167\pa3\cse167startercode-master\glfwstarterproject\x64\release\dirlight.obj
c:\users\wilson\documents\school\cse167\pa3\cse167startercode-master\glfwstarterproject\x64\release\pointlight.obj
c:\users\wilson\documents\school\cse167\pa3\cse167startercode-master\glfwstarterproject\x64\release\spotlight.obj
c:\users\wilson\documents\school\cse167\pa4\cse167startercode-master\glfwstarterproject\x64\release\vc141.pdb
c:\users\wilson\documents\school\cse167\pa4\cse167startercode-master\glfwstarterproject\x64\release\window.obj
c:\users\wilson\documents\school\cse167\pa4\cse167startercode-master\glfwstarterproject\x64\release\spotlight.obj
c:\users\wilson\documents\school\cse167\pa4\cse167startercode-master\glfwstarterproject\x64\release\shader.obj
c:\users\wilson\documents\school\cse167\pa4\cse167startercode-master\glfwstarterproject\x64\release\pointlight.obj
c:\users\wilson\documents\school\cse167\pa4\cse167startercode-master\glfwstarterproject\x64\release\objobject.obj
c:\users\wilson\documents\school\cse167\pa4\cse167startercode-master\glfwstarterproject\x64\release\main.obj
c:\users\wilson\documents\school\cse167\pa4\cse167startercode-master\glfwstarterproject\x64\release\dirlight.obj
c:\users\wilson\documents\school\cse167\pa4\cse167startercode-master\glfwstarterproject\x64\release\cube.obj
c:\users\wilson\documents\school\cse167\pa4\cse167startercode-master\glfwstarterproject\x64\release\skybox.obj
c:\users\wilson\documents\school\cse167\pa4\cse167startercode-master\glfwstarterproject\x64\release\transform.obj
c:\users\wilson\documents\school\cse167\pa4\cse167startercode-master\glfwstarterproject\x64\release\node.obj
c:\users\wilson\documents\school\cse167\pa4\cse167startercode-master\glfwstarterproject\x64\release\geometry.obj
c:\users\wilson\documents\school\cse167\pa\cse167startercode-master\x64\release\glfwstarterproject.exe
c:\users\wilson\documents\school\cse167\pa\cse167startercode-master\x64\release\glfwstarterproject.pdb
c:\users\wilson\documents\school\cse167\pa3\cse167startercode-master\x64\release\glfwstarterproject.exe
c:\users\wilson\documents\school\cse167\pa3\cse167startercode-master\x64\release\glfwstarterproject.pdb
c:\users\wilson\documents\school\cse167\pa4\cse167startercode-master\x64\release\glfwstarterproject.exe
c:\users\wilson\documents\school\cse167\pa4\cse167startercode-master\x64\release\glfwstarterproject.pdb
c:\users\wilson\documents\school\cse167\pa4\cse167startercode-master\glfwstarterproject\x64\release\glfwstar.ebf1e546.tlog\cl.command.1.tlog
c:\users\wilson\documents\school\cse167\pa4\cse167startercode-master\glfwstarterproject\x64\release\glfwstar.ebf1e546.tlog\cl.read.1.tlog
c:\users\wilson\documents\school\cse167\pa4\cse167startercode-master\glfwstarterproject\x64\release\glfwstar.ebf1e546.tlog\cl.write.1.tlog
c:\users\wilson\documents\school\cse167\pa4\cse167startercode-master\glfwstarterproject\x64\release\glfwstar.ebf1e546.tlog\link.command.1.tlog
c:\users\wilson\documents\school\cse167\pa4\cse167startercode-master\glfwstarterproject\x64\release\glfwstar.ebf1e546.tlog\link.read.1.tlog
c:\users\wilson\documents\school\cse167\pa4\cse167startercode-master\glfwstarterproject\x64\release\glfwstar.ebf1e546.tlog\link.write.1.tlog
