  Window.cpp
c:\users\wilson\documents\school\cse167\pa4\cse167startercode-master\shader_m.h(73): warning C4101: 'infoLog': unreferenced local variable
c:\users\wilson\documents\school\cse167\pa4\cse167startercode-master\shader_m.h(72): warning C4101: 'success': unreferenced local variable
c:\users\wilson\documents\school\cse167\pa4\cse167startercode-master\window.cpp(117): warning C4305: 'argument': truncation from 'double' to 'float'
c:\users\wilson\documents\school\cse167\pa4\cse167startercode-master\window.cpp(125): warning C4305: 'argument': truncation from 'double' to 'float'
c:\users\wilson\documents\school\cse167\pa4\cse167startercode-master\window.cpp(516): warning C4244: 'argument': conversion from 'double' to 'float', possible loss of data
c:\users\wilson\documents\school\cse167\pa4\cse167startercode-master\window.cpp(573): warning C4244: '=': conversion from 'double' to 'float', possible loss of data
c:\users\wilson\documents\school\cse167\pa4\cse167startercode-master\window.cpp(574): warning C4244: '=': conversion from 'double' to 'float', possible loss of data
  Geometry.cpp
c:\users\wilson\documents\school\cse167\pa4\cse167startercode-master\shader_m.h(73): warning C4101: 'infoLog': unreferenced local variable
c:\users\wilson\documents\school\cse167\pa4\cse167startercode-master\shader_m.h(72): warning C4101: 'success': unreferenced local variable
c:\users\wilson\documents\school\cse167\pa4\cse167startercode-master\geometry.cpp(101): warning C4267: 'argument': conversion from 'size_t' to 'GLsizei', possible loss of data
c:\users\wilson\documents\school\cse167\pa4\cse167startercode-master\geometry.cpp(153): warning C4244: 'argument': conversion from 'float' to 'unsigned int', possible loss of data
c:\users\wilson\documents\school\cse167\pa4\cse167startercode-master\geometry.cpp(162): warning C4244: 'argument': conversion from 'float' to 'unsigned int', possible loss of data
c:\users\wilson\documents\school\cse167\pa4\cse167startercode-master\geometry.cpp(178): warning C4267: 'initializing': conversion from 'size_t' to 'int', possible loss of data
  Curve.cpp
c:\users\wilson\documents\school\cse167\pa4\cse167startercode-master\shader_m.h(73): warning C4101: 'infoLog': unreferenced local variable
c:\users\wilson\documents\school\cse167\pa4\cse167startercode-master\shader_m.h(72): warning C4101: 'success': unreferenced local variable
c:\users\wilson\documents\school\cse167\pa4\cse167startercode-master\curve.cpp(90): warning C4267: 'argument': conversion from 'size_t' to 'GLsizei', possible loss of data
  Generating Code...
  Compiling...
  OBJObject.cpp
c:\users\wilson\documents\school\cse167\pa4\cse167startercode-master\shader_m.h(73): warning C4101: 'infoLog': unreferenced local variable
c:\users\wilson\documents\school\cse167\pa4\cse167startercode-master\shader_m.h(72): warning C4101: 'success': unreferenced local variable
c:\users\wilson\documents\school\cse167\pa4\cse167startercode-master\objobject.cpp(126): warning C4244: 'argument': conversion from 'float' to 'unsigned int', possible loss of data
c:\users\wilson\documents\school\cse167\pa4\cse167startercode-master\objobject.cpp(136): warning C4244: 'argument': conversion from 'float' to 'unsigned int', possible loss of data
c:\users\wilson\documents\school\cse167\pa4\cse167startercode-master\objobject.cpp(304): warning C4267: 'argument': conversion from 'size_t' to 'GLsizei', possible loss of data
c:\users\wilson\documents\school\cse167\pa4\cse167startercode-master\objobject.cpp(411): warning C4267: 'initializing': conversion from 'size_t' to 'int', possible loss of data
c:\users\wilson\documents\school\cse167\pa4\cse167startercode-master\objobject.cpp(479): warning C4244: 'argument': conversion from 'float' to 'int', possible loss of data
  main.cpp
c:\users\wilson\documents\school\cse167\pa4\cse167startercode-master\shader_m.h(73): warning C4101: 'infoLog': unreferenced local variable
c:\users\wilson\documents\school\cse167\pa4\cse167startercode-master\shader_m.h(72): warning C4101: 'success': unreferenced local variable
  Cube.cpp
c:\users\wilson\documents\school\cse167\pa4\cse167startercode-master\shader_m.h(73): warning C4101: 'infoLog': unreferenced local variable
c:\users\wilson\documents\school\cse167\pa4\cse167startercode-master\shader_m.h(72): warning C4101: 'success': unreferenced local variable
  Generating Code...
  GLFWStarterProject.vcxproj -> C:\Users\Wilson\Documents\School\CSE167\PA4\CSE167StarterCode-master\x64\Debug\GLFWStarterProject.exe
